[2025-03-19  23:07:31] INFO main/main.c Icecast 2.4.4 server started
[2025-03-19  23:07:31] INFO yp/yp.c YP update thread started
[2025-03-19  23:07:31] INFO connection/connection.c No SSL capability on any configured ports
[2025-03-19  23:08:08] INFO fserve/fserve.c checking for file /style.css (./web/style.css)
[2025-03-19  23:08:08] INFO fserve/fserve.c checking for file /icecast.png (./web/icecast.png)
[2025-03-19  23:08:08] INFO fserve/fserve.c checking for file /favicon.ico (./web/favicon.ico)
[2025-03-19  23:08:08] WARN fserve/fserve.c req for file "./web/favicon.ico" No such file or directory
[2025-03-19  23:08:11] INFO admin/admin.c Bad or missing password on admin command request (command: )
[2025-03-19  23:08:19] INFO fserve/fserve.c checking for file /style.css (./web/style.css)
[2025-03-19  23:08:45] INFO fserve/fserve.c checking for file /style.css (./web/style.css)
[2025-03-19  23:08:51] INFO fserve/fserve.c checking for file /style.css (./web/style.css)
[2025-03-19  23:08:52] INFO fserve/fserve.c checking for file /icecast.png (./web/icecast.png)
[2025-03-19  23:08:55] INFO fserve/fserve.c checking for file /style.css (./web/style.css)
[2025-03-20  14:50:05] INFO main/main.c Icecast 2.4.4 server started
[2025-03-20  14:50:05] INFO yp/yp.c YP update thread started
[2025-03-20  14:50:05] INFO connection/connection.c No SSL capability on any configured ports
[2025-03-20  14:53:52] INFO main/main.c Icecast 2.4.4 server started
[2025-03-20  14:53:52] INFO yp/yp.c YP update thread started
[2025-03-20  14:53:52] INFO connection/connection.c No SSL capability on any configured ports
[2025-03-20  14:54:30] INFO fserve/fserve.c checking for file /style.css (./web/style.css)
[2025-03-20  14:54:30] INFO fserve/fserve.c checking for file /icecast.png (./web/icecast.png)
[2025-03-20  14:54:31] INFO fserve/fserve.c checking for file /favicon.ico (./web/favicon.ico)
[2025-03-20  14:54:31] WARN fserve/fserve.c req for file "./web/favicon.ico" No such file or directory
[2025-03-20  14:54:33] INFO admin/admin.c Bad or missing password on admin command request (command: )
[2025-03-20  14:54:40] INFO fserve/fserve.c checking for file /style.css (./web/style.css)
[2025-03-22  10:17:51] INFO main/main.c Icecast 2.4.4 server started
[2025-03-22  10:17:51] INFO yp/yp.c YP update thread started
[2025-03-22  10:17:51] INFO connection/connection.c No SSL capability on any configured ports
[2025-03-25  04:30:36] INFO main/main.c Icecast 2.4.4 server started
[2025-03-25  04:30:36] INFO yp/yp.c YP update thread started
[2025-03-25  04:30:36] INFO connection/connection.c No SSL capability on any configured ports
[2025-03-25  04:30:57] INFO fserve/fserve.c checking for file /style.css (./web/style.css)
[2025-03-25  04:30:57] INFO fserve/fserve.c checking for file /icecast.png (./web/icecast.png)
[2025-03-25  04:30:57] INFO fserve/fserve.c checking for file /favicon.ico (./web/favicon.ico)
[2025-03-25  04:30:57] WARN fserve/fserve.c req for file "./web/favicon.ico" No such file or directory
[2025-03-25  04:31:01] INFO admin/admin.c Bad or missing password on admin command request (command: )
[2025-03-25  04:31:11] INFO fserve/fserve.c checking for file /style.css (./web/style.css)
[2025-03-25  04:31:27] INFO fserve/fserve.c checking for file /style.css (./web/style.css)
[2025-03-25  04:31:34] INFO fserve/fserve.c checking for file /style.css (./web/style.css)
[2025-03-25  04:31:35] INFO fserve/fserve.c checking for file /icecast.png (./web/icecast.png)
[2025-03-25  04:31:39] INFO fserve/fserve.c checking for file /style.css (./web/style.css)
[2025-03-25  04:31:39] INFO fserve/fserve.c checking for file /icecast.png (./web/icecast.png)
[2025-03-25  04:31:44] INFO fserve/fserve.c checking for file /style.css (./web/style.css)
